Using pre-set license
Built from '2020.3/china_unity/release' branch; Version is '2020.3.7f1c1 (98d1c84f5ffb) revision 10015176'; Using compiler version '192528614'; Build Type 'Release'
OS: 'Windows 10 Pro; OS build 19042.1348; Version 2009; 64bit' Language: 'zh' Physical Memory: 65404 MB
BatchMode: 1, IsHumanControllingUs: 0, StartBugReporterOnCrash: 0, Is64bit: 1, IsPro: 0

 COMMAND LINE ARGUMENTS:
C:\Program Files\2020.3.7f1c1\Editor\Unity.exe
-adb2
-batchMode
-noUpm
-name
AssetImportWorker0
-projectPath
F:/study/MirrorMutiPlayer
-logFile
Logs/AssetImportWorker0.log
-srvPort
8613
Successfully changed project path to: F:/study/MirrorMutiPlayer
F:/study/MirrorMutiPlayer
Using Asset Import Pipeline V2.
Refreshing native plugins compatible for Editor in 32.50 ms, found 0 plugins.
Preloading 0 native plugins for Editor in 0.00 ms.
Initialize engine version: 2020.3.7f1c1 (98d1c84f5ffb)
[Subsystems] Discovering subsystems at path C:/Program Files/2020.3.7f1c1/Editor/Data/Resources/UnitySubsystems
[Subsystems] Discovering subsystems at path F:/study/MirrorMutiPlayer/Assets
GfxDevice: creating device client; threaded=0
Direct3D:
    Version:  Direct3D 11.0 [level 11.1]
    Renderer: NVIDIA GeForce GTX 1060 (ID=0x1c20)
    Vendor:   
    VRAM:     6052 MB
    Driver:   30.0.14.7212
Initialize mono
Mono path[0] = 'C:/Program Files/2020.3.7f1c1/Editor/Data/Managed'
Mono path[1] = 'C:/Program Files/2020.3.7f1c1/Editor/Data/MonoBleedingEdge/lib/mono/unityjit'
Mono config path = 'C:/Program Files/2020.3.7f1c1/Editor/Data/MonoBleedingEdge/etc'
Using monoOptions --debugger-agent=transport=dt_socket,embedding=1,server=y,suspend=n,address=127.0.0.1:56132
Begin MonoManager ReloadAssembly
Registering precompiled unity dll's ...
Register platform support module: C:/Program Files/2020.3.7f1c1/Editor/Data/PlaybackEngines/WebGLSupport/UnityEditor.WebGL.Extensions.dll
Register platform support module: C:/Program Files/2020.3.7f1c1/Editor/Data/PlaybackEngines/WindowsStandaloneSupport/UnityEditor.WindowsStandalone.Extensions.dll
Registered in 0.004324 seconds.
Native extension for WindowsStandalone target not found
Native extension for WebGL target not found
Refreshing native plugins compatible for Editor in 65.18 ms, found 0 plugins.
Preloading 0 native plugins for Editor in 0.00 ms.
Mono: successfully reloaded assembly
- Completed reload, in  1.482 seconds
Platform modules already initialized, skipping
Registering precompiled user dll's ...
Registered in 0.002137 seconds.
Begin MonoManager ReloadAssembly
Native extension for WindowsStandalone target not found
Native extension for WebGL target not found
Refreshing native plugins compatible for Editor in 0.33 ms, found 0 plugins.
Preloading 0 native plugins for Editor in 0.00 ms.
Mono: successfully reloaded assembly
- Completed reload, in  1.163 seconds
Platform modules already initialized, skipping
========================================================================
Worker process is ready to serve import requests
Launched and connected shader compiler UnityShaderCompiler.exe after 0.07 seconds
Refreshing native plugins compatible for Editor in 0.49 ms, found 0 plugins.
Preloading 0 native plugins for Editor in 0.00 ms.
Unloading 1428 Unused Serialized files (Serialized files now loaded: 0)
System memory in use before: 65.9 MB.
System memory in use after: 66.0 MB.

Unloading 14 unused Assets to reduce memory usage. Loaded Objects now: 1866.
Total: 2.218800 ms (FindLiveObjects: 0.166500 ms CreateObjectMapping: 0.058300 ms MarkObjects: 1.921800 ms  DeleteObjects: 0.070900 ms)

========================================================================
Received Import Request.
  path: Assets/Resources/SF Background.jpg
  artifactKey: Guid(4aa29a85baacb2b48a5821e935c7285c) Importer(815301076,1909f56bfc062723c751e8b465ee728b)
Start importing Assets/Resources/SF Background.jpg using Guid(4aa29a85baacb2b48a5821e935c7285c) Importer(815301076,1909f56bfc062723c751e8b465ee728b)  -> (artifact id: 'b4d54cb67bce0957b3d00436d4f5ab8d') in 0.170578 seconds
  Import took 0.173587 seconds .

========================================================================
Received Import Request.
  Time since last request: 0.000327 seconds.
  path: Assets/Resources/map.png
  artifactKey: Guid(c30e2af3b2acd69448eae8a8f570331a) Importer(815301076,1909f56bfc062723c751e8b465ee728b)
Start importing Assets/Resources/map.png using Guid(c30e2af3b2acd69448eae8a8f570331a) Importer(815301076,1909f56bfc062723c751e8b465ee728b)  -> (artifact id: '041b7badc402c66d0c1826a5a1cc927b') in 0.017746 seconds
  Import took 0.020270 seconds .

========================================================================
Received Import Request.
  Time since last request: 0.000320 seconds.
  path: Assets/Resources
  artifactKey: Guid(0a55335ede9fae24fa2be2e0785275ca) Importer(815301076,1909f56bfc062723c751e8b465ee728b)
Start importing Assets/Resources using Guid(0a55335ede9fae24fa2be2e0785275ca) Importer(815301076,1909f56bfc062723c751e8b465ee728b)  -> (artifact id: '7602d6ac5e21cb486d5ddd2401decedc') in 0.002541 seconds
  Import took 0.005130 seconds .

========================================================================
Received Import Request.
  Time since last request: 0.000370 seconds.
  path: Assets/Resources/STLITI.TTF
  artifactKey: Guid(a10f3ed992aac0c4ebf578de31c4f2a2) Importer(815301076,1909f56bfc062723c751e8b465ee728b)
Start importing Assets/Resources/STLITI.TTF using Guid(a10f3ed992aac0c4ebf578de31c4f2a2) Importer(815301076,1909f56bfc062723c751e8b465ee728b)  -> (artifact id: '0962ccaa17fdc9679bd294c719486590') in 0.102254 seconds
  Import took 0.104977 seconds .

========================================================================
Received Import Request.
  Time since last request: 0.000351 seconds.
  path: Assets/Resources/SF Button.psd
  artifactKey: Guid(926dc2c517f60bc4eae0cb1c56d4344a) Importer(815301076,1909f56bfc062723c751e8b465ee728b)
Start importing Assets/Resources/SF Button.psd using Guid(926dc2c517f60bc4eae0cb1c56d4344a) Importer(815301076,1909f56bfc062723c751e8b465ee728b)  -> (artifact id: '42da075635f6f64a8c9b1510bfb17904') in 0.022475 seconds
  Import took 0.025715 seconds .

========================================================================
Received Import Request.
  Time since last request: 41.513039 seconds.
  path: Assets/Resources/SF Button.psd
  artifactKey: Guid(926dc2c517f60bc4eae0cb1c56d4344a) Importer(815301076,1909f56bfc062723c751e8b465ee728b)
Start importing Assets/Resources/SF Button.psd using Guid(926dc2c517f60bc4eae0cb1c56d4344a) Importer(815301076,1909f56bfc062723c751e8b465ee728b)  -> (artifact id: '18b239d07fe73fc3a66c76ce3ab9e828') in 0.039817 seconds
  Import took 0.043019 seconds .

========================================================================
Received Prepare
Registering precompiled user dll's ...
Registered in 0.002141 seconds.
Begin MonoManager ReloadAssembly
Native extension for WindowsStandalone target not found
Native extension for WebGL target not found
Refreshing native plugins compatible for Editor in 0.35 ms, found 0 plugins.
Preloading 0 native plugins for Editor in 0.00 ms.
Mono: successfully reloaded assembly
- Completed reload, in  1.059 seconds
Platform modules already initialized, skipping
Refreshing native plugins compatible for Editor in 0.34 ms, found 0 plugins.
Preloading 0 native plugins for Editor in 0.00 ms.
Unloading 1456 Unused Serialized files (Serialized files now loaded: 0)
System memory in use before: 70.2 MB.
System memory in use after: 70.3 MB.

Unloading 9 unused Assets to reduce memory usage. Loaded Objects now: 1951.
Total: 2.161500 ms (FindLiveObjects: 0.171400 ms CreateObjectMapping: 0.055800 ms MarkObjects: 1.912300 ms  DeleteObjects: 0.020500 ms)

========================================================================
Received Import Request.
  Time since last request: 160.722556 seconds.
  path: Assets/Resources/SF Button.psd
  artifactKey: Guid(926dc2c517f60bc4eae0cb1c56d4344a) Importer(815301076,1909f56bfc062723c751e8b465ee728b)
Start importing Assets/Resources/SF Button.psd using Guid(926dc2c517f60bc4eae0cb1c56d4344a) Importer(815301076,1909f56bfc062723c751e8b465ee728b)  -> (artifact id: '92434722454fcbd8916036701d6a9883') in 0.061368 seconds
  Import took 0.064597 seconds .

AssetImportWorkerClient::OnTransportError - code=2 error=End of file
